<?xml version="1.0" encoding="UTF-8"?>
<testsuite name="test.ProductTest" tests="1" skipped="0" failures="0" errors="0" timestamp="2021-01-21T11:46:14" hostname="KAREEMSXM" time="0.019">
  <properties/>
  <testcase name="createProduct()" classname="test.ProductTest" time="0.019"/>
  <system-out><![CDATA[]]></system-out>
  <system-err><![CDATA[]]></system-err>
</testsuite>
