<?xml version="1.0" encoding="UTF-8"?>
<testsuite name="test.UserTest" tests="1" skipped="0" failures="0" errors="0" timestamp="2021-01-21T11:46:14" hostname="KAREEMSXM" time="0.006">
  <properties/>
  <testcase name="createUser()" classname="test.UserTest" time="0.006"/>
  <system-out><![CDATA[]]></system-out>
  <system-err><![CDATA[]]></system-err>
</testsuite>
